app/build/outputs/logs/manifest-merger-debug-report.txt
-- Merging decision tree log ---
manifest
ADDED from src/main/AndroidManifest.xml:2:1-57:12
	package
		ADDED from src/main/AndroidManifest.xml:3:5-31
		INJECTED from src/main/AndroidManifest.xml
		INJECTED from src/main/AndroidManifest.xml
	android:versionName
		ADDED from src/main/AndroidManifest.xml:5:5-30
	android:versionCode
		ADDED from src/main/AndroidManifest.xml:4:5-28
		INJECTED from src/main/AndroidManifest.xml
		INJECTED from src/main/AndroidManifest.xml
	xmlns:android
		ADDED from src/main/AndroidManifest.xml:2:11-69
uses-permission#android.permission.BLUETOOTH
ADDED from src/main/AndroidManifest.xml:7:5-68
	android:name
		ADDED from src/main/AndroidManifest.xml:7:22-65
uses-permission#android.permission.BLUETOOTH_ADMIN
ADDED from src/main/AndroidManifest.xml:8:5-74
	android:name
		ADDED from src/main/AndroidManifest.xml:8:22-71
uses-permission#android.permission.READ_EXTERNAL_STORAGE
ADDED from src/main/AndroidManifest.xml:9:5-80
	android:name
		ADDED from src/main/AndroidManifest.xml:9:22-77
uses-permission#android.permission.WRITE_EXTERNAL_STORAGE
ADDED from src/main/AndroidManifest.xml:10:5-81
	android:name
		ADDED from src/main/AndroidManifest.xml:10:22-78
uses-permission#android.permission.ACCESS_COARSE_LOCATION
ADDED from src/main/AndroidManifest.xml:11:4-80
	android:name
		ADDED from src/main/AndroidManifest.xml:11:21-77
uses-permission#android.permission.ACCESS_FINE_LOCATION
ADDED from src/main/AndroidManifest.xml:12:5-79
	android:name
		ADDED from src/main/AndroidManifest.xml:12:22-76
uses-sdk
ADDED from src/main/AndroidManifest.xml:14:5-16:41
	android:targetSdkVersion
		ADDED from src/main/AndroidManifest.xml:16:9-38
		INJECTED from src/main/AndroidManifest.xml
		INJECTED from src/main/AndroidManifest.xml
	android:minSdkVersion
		ADDED from src/main/AndroidManifest.xml:15:9-34
		INJECTED from src/main/AndroidManifest.xml
		INJECTED from src/main/AndroidManifest.xml
application
ADDED from src/main/AndroidManifest.xml:18:5-55:23
	android:label
		ADDED from src/main/AndroidManifest.xml:21:9-41
	android:allowBackup
		ADDED from src/main/AndroidManifest.xml:19:9-35
	android:icon
		ADDED from src/main/AndroidManifest.xml:20:9-38
	android:theme
		ADDED from src/main/AndroidManifest.xml:23:9-40
	android:name
		ADDED from src/main/AndroidManifest.xml:22:9-54
activity#com.iSiteProyect.MainActivity
ADDED from src/main/AndroidManifest.xml:24:9-32:20
	android:label
		ADDED from src/main/AndroidManifest.xml:26:13-45
	android:windowSoftInputMode
		ADDED from src/main/AndroidManifest.xml:28:13-67
	android:configChanges
		ADDED from src/main/AndroidManifest.xml:27:13-48
	android:name
		ADDED from src/main/AndroidManifest.xml:25:13-57
intent-filter#android.intent.action.MAIN
ADDED from src/main/AndroidManifest.xml:29:13-31:29
action#android.intent.action.MAIN
ADDED from src/main/AndroidManifest.xml:30:17-69
	android:name
		ADDED from src/main/AndroidManifest.xml:30:25-66
activity#com.iSiteProyect.ll_Apuntamiento
ADDED from src/main/AndroidManifest.xml:33:9-41:20
	android:label
		ADDED from src/main/AndroidManifest.xml:36:13-45
	android:configChanges
		ADDED from src/main/AndroidManifest.xml:35:13-63
	android:name
		ADDED from src/main/AndroidManifest.xml:34:13-60
intent-filter#android.intent.action.MAIN+android.intent.category.LAUNCHER
ADDED from src/main/AndroidManifest.xml:37:13-40:29
category#android.intent.category.LAUNCHER
ADDED from src/main/AndroidManifest.xml:39:17-77
	android:name
		ADDED from src/main/AndroidManifest.xml:39:27-74
activity#com.iSiteProyect.PreferencesActivity
ADDED from src/main/AndroidManifest.xml:42:9-65
	android:name
		ADDED from src/main/AndroidManifest.xml:42:19-53
activity#com.iSiteProyect.ll_Inicio_Login
ADDED from src/main/AndroidManifest.xml:44:9-45:57
	android:label
		ADDED from src/main/AndroidManifest.xml:45:15-45
	android:name
		ADDED from src/main/AndroidManifest.xml:44:19-66
activity#com.iSiteProyect.FileChooser
ADDED from src/main/AndroidManifest.xml:46:9-51:20
	android:label
		ADDED from src/main/AndroidManifest.xml:48:13-40
	android:name
		ADDED from src/main/AndroidManifest.xml:47:13-40
activity#com.iSiteProyect.Homescreen
ADDED from src/main/AndroidManifest.xml:52:9-57
	android:name
		ADDED from src/main/AndroidManifest.xml:52:19-45
service#com.iSiteProyect.MiServicio
ADDED from src/main/AndroidManifest.xml:53:6-52
	android:name
		ADDED from src/main/AndroidManifest.xml:53:15-41